
*** Running vivado
    with args -log uart_tb.vds -m64 -product Vivado -mode batch -messageDb vivado.pb -notrace -source uart_tb.tcl



****** Vivado v2025.2 (64-bit)
  **** SW Build 6299465 on Fri Nov 14 19:35:11 GMT 2025
  **** IP Build 6300035 on Fri Nov 14 10:48:45 MST 2025
  **** SharedData Build 6298862 on Thu Nov 13 04:50:51 MST 2025
  **** Start of session at: Wed Jun 10 21:20:11 2026
    ** Copyright 1986-2022 Xilinx, Inc. All Rights Reserved.
    ** Copyright 2022-2025 Advanced Micro Devices, Inc. All Rights Reserved.

source uart_tb.tcl -notrace
create_project: Time (s): cpu = 00:00:15 ; elapsed = 00:00:10 . Memory (MB): peak = 566.227 ; gain = 227.609
Command: read_checkpoint -auto_incremental -incremental {D:/Users/Dell/UART _controller/UART _controller.srcs/utils_1/imports/synth_1/uart_rx.dcp}
INFO: [Vivado 12-5825] Read reference checkpoint from D:/Users/Dell/UART _controller/UART _controller.srcs/utils_1/imports/synth_1/uart_rx.dcp for incremental synthesis
INFO: [Vivado 12-7989] Please ensure there are no constraint changes
Command: synth_design -top uart_tb -part xcve2002-sbva484-1LHP-i-L
Starting synth_design
Attempting to get a license for feature 'Synthesis' and/or device 'xcve2002'
INFO: [Common 17-349] Got license for feature 'Synthesis' and/or device 'xcve2002'
validate_noc  -part xcve2002-sbva484-1LHP-i-L -no_compile 
INFO: [Vivado 12-29114] Run validate_noc command, to invoke NoC compiler, catch the DRC at design entry & populate the project level NoC view
---------------------------------------------------------------------------------
Starting RTL Elaboration : Time (s): cpu = 00:00:08 ; elapsed = 00:00:09 . Memory (MB): peak = 1111.836 ; gain = 531.203
---------------------------------------------------------------------------------
---------------------------------------------------------------------------------
Finished RTL Elaboration : Time (s): cpu = 00:00:12 ; elapsed = 00:00:13 . Memory (MB): peak = 1267.852 ; gain = 687.219
---------------------------------------------------------------------------------
Finished Handling Custom Attributes : Time (s): cpu = 00:00:12 ; elapsed = 00:00:14 . Memory (MB): peak = 1267.852 ; gain = 687.219
Finished RTL Optimization Phase 1 : Time (s): cpu = 00:00:12 ; elapsed = 00:00:14 . Memory (MB): peak = 1267.852 ; gain = 687.219
Netlist sorting complete. Time (s): cpu = 00:00:00 ; elapsed = 00:00:00.001 . Memory (MB): peak = 1267.852 ; gain = 0.000
synth_design: Time (s): cpu = 00:00:16 ; elapsed = 00:00:19 . Memory (MB): peak = 1267.852 ; gain = 687.219
validate_noc: Time (s): cpu = 00:00:16 ; elapsed = 00:00:19 . Memory (MB): peak = 1267.852 ; gain = 687.219
INFO: [Synth 8-7079] Multithreading enabled for synth_design using a maximum of 2 processes.
---------------------------------------------------------------------------------
Starting Synthesize : Time (s): cpu = 00:00:08 ; elapsed = 00:00:08 . Memory (MB): peak = 1267.852 ; gain = 0.000
---------------------------------------------------------------------------------
INFO: [Synth 8-6157] synthesizing module 'uart_tb' [D:/Users/Dell/UART _controller/UART _controller.srcs/sources_1/new/tb_uart.sv:1]
WARNING: [Synth 8-6896] loop limit (65536) exceeded inside initial block, initial block items will be ignored [D:/Users/Dell/UART _controller/UART _controller.srcs/sources_1/new/tb_uart.sv:28]
WARNING: [Synth 8-11581] system task call 'finish' not supported [D:/Users/Dell/UART _controller/UART _controller.srcs/sources_1/new/tb_uart.sv:100]
WARNING: [Synth 8-11581] system task call 'monitor' not supported [D:/Users/Dell/UART _controller/UART _controller.srcs/sources_1/new/tb_uart.sv:109]
INFO: [Synth 8-6157] synthesizing module 'uart_tx' [D:/Users/Dell/UART _controller/UART _controller.srcs/sources_1/new/uarttx.sv:1]
INFO: [Synth 8-6155] done synthesizing module 'uart_tx' (0#1) [D:/Users/Dell/UART _controller/UART _controller.srcs/sources_1/new/uarttx.sv:1]
INFO: [Synth 8-6157] synthesizing module 'uart_rx' [D:/Users/Dell/UART _controller/UART _controller.srcs/sources_1/new/uartrx.sv:1]
INFO: [Synth 8-6155] done synthesizing module 'uart_rx' (0#1) [D:/Users/Dell/UART _controller/UART _controller.srcs/sources_1/new/uartrx.sv:1]
INFO: [Synth 8-6155] done synthesizing module 'uart_tb' (0#1) [D:/Users/Dell/UART _controller/UART _controller.srcs/sources_1/new/tb_uart.sv:1]
WARNING: [Synth 8-3848] Net clk in module/entity uart_tb does not have driver. [D:/Users/Dell/UART _controller/UART _controller.srcs/sources_1/new/tb_uart.sv:3]
---------------------------------------------------------------------------------
Finished Synthesize : Time (s): cpu = 00:00:12 ; elapsed = 00:00:12 . Memory (MB): peak = 1295.492 ; gain = 27.641
---------------------------------------------------------------------------------
---------------------------------------------------------------------------------
Finished Constraint Validation : Time (s): cpu = 00:00:13 ; elapsed = 00:00:13 . Memory (MB): peak = 1295.492 ; gain = 27.641
---------------------------------------------------------------------------------
---------------------------------------------------------------------------------
Start Loading Part and Timing Information
---------------------------------------------------------------------------------
Loading part: xcve2002-sbva484-1LHP-i-L
INFO: [Synth 8-6742] Reading net delay rules and data
INFO: [Device 21-403] Loading part xcve2002-sbva484-1LHP-i-L
---------------------------------------------------------------------------------
Finished Loading Part and Timing Information : Time (s): cpu = 00:00:13 ; elapsed = 00:00:13 . Memory (MB): peak = 1295.492 ; gain = 27.641
---------------------------------------------------------------------------------
INFO: [Synth 8-802] inferred FSM for state register 'state_reg' in module 'uart_tx'
---------------------------------------------------------------------------------------------------
                   State |                     New Encoding |                Previous Encoding 
---------------------------------------------------------------------------------------------------
                    IDLE |                             0001 |                               00
                   START |                             0010 |                               01
                    DATA |                             0100 |                               10
                    STOP |                             1000 |                               11
---------------------------------------------------------------------------------------------------
INFO: [Synth 8-3354] encoded FSM with state register 'state_reg' using encoding 'one-hot' in module 'uart_tx'
---------------------------------------------------------------------------------
Finished RTL Optimization Phase 2 : Time (s): cpu = 00:00:13 ; elapsed = 00:00:13 . Memory (MB): peak = 1295.492 ; gain = 27.641
---------------------------------------------------------------------------------
No constraint files found.
---------------------------------------------------------------------------------
Start RTL Component Statistics 
---------------------------------------------------------------------------------
Detailed RTL Component Info : 
+---Adders : 
	   2 Input    3 Bit       Adders := 2     
+---Registers : 
	                8 Bit    Registers := 2     
	                3 Bit    Registers := 2     
	                1 Bit    Registers := 3     
+---Muxes : 
	   4 Input    8 Bit        Muxes := 1     
	   2 Input    8 Bit        Muxes := 1     
	   4 Input    3 Bit        Muxes := 1     
	   2 Input    3 Bit        Muxes := 1     
	   2 Input    1 Bit        Muxes := 2     
	   4 Input    1 Bit        Muxes := 6     
---------------------------------------------------------------------------------
Finished RTL Component Statistics 
---------------------------------------------------------------------------------
---------------------------------------------------------------------------------
Start Part Resource Summary
---------------------------------------------------------------------------------
Part Resources:
DSPs: 90 (col length:44)
BRAMs: 48 (col length: RAMB18 48 RAMB36 24)
---------------------------------------------------------------------------------
Finished Part Resource Summary
---------------------------------------------------------------------------------
No constraint files found.
---------------------------------------------------------------------------------
Start Cross Boundary and Area Optimization
---------------------------------------------------------------------------------
WARNING: [Synth 8-3332] Sequential element (tx_inst/FSM_onehot_state_reg[3]) is unused and will be removed from module uart_tb.
WARNING: [Synth 8-3332] Sequential element (tx_inst/FSM_onehot_state_reg[2]) is unused and will be removed from module uart_tb.
WARNING: [Synth 8-3332] Sequential element (tx_inst/FSM_onehot_state_reg[1]) is unused and will be removed from module uart_tb.
WARNING: [Synth 8-3332] Sequential element (tx_inst/FSM_onehot_state_reg[0]) is unused and will be removed from module uart_tb.
---------------------------------------------------------------------------------
Finished Cross Boundary and Area Optimization : Time (s): cpu = 00:00:20 ; elapsed = 00:00:21 . Memory (MB): peak = 1461.383 ; gain = 193.531
---------------------------------------------------------------------------------
No constraint files found.
---------------------------------------------------------------------------------
Start Timing Optimization
---------------------------------------------------------------------------------
---------------------------------------------------------------------------------
Finished Timing Optimization : Time (s): cpu = 00:00:21 ; elapsed = 00:00:21 . Memory (MB): peak = 1461.383 ; gain = 193.531
---------------------------------------------------------------------------------
---------------------------------------------------------------------------------
Start Technology Mapping
---------------------------------------------------------------------------------
INFO: [Synth 8-11322] No global retiming is needed without any clock constraint
---------------------------------------------------------------------------------
Finished Technology Mapping : Time (s): cpu = 00:00:21 ; elapsed = 00:00:21 . Memory (MB): peak = 1471.203 ; gain = 203.352
---------------------------------------------------------------------------------
---------------------------------------------------------------------------------
Start IO Insertion
---------------------------------------------------------------------------------
---------------------------------------------------------------------------------
Start Flattening Before IO Insertion
---------------------------------------------------------------------------------
---------------------------------------------------------------------------------
Finished Flattening Before IO Insertion
---------------------------------------------------------------------------------
INFO: [Synth 8-11322] No global retiming is needed without any clock constraint
---------------------------------------------------------------------------------
Start Final Netlist Cleanup
---------------------------------------------------------------------------------
---------------------------------------------------------------------------------
Finished Final Netlist Cleanup
---------------------------------------------------------------------------------
---------------------------------------------------------------------------------
Finished IO Insertion : Time (s): cpu = 00:00:27 ; elapsed = 00:00:28 . Memory (MB): peak = 1720.445 ; gain = 452.594
---------------------------------------------------------------------------------
---------------------------------------------------------------------------------
Start Renaming Generated Instances
---------------------------------------------------------------------------------
---------------------------------------------------------------------------------
Finished Renaming Generated Instances : Time (s): cpu = 00:00:27 ; elapsed = 00:00:28 . Memory (MB): peak = 1720.445 ; gain = 452.594
---------------------------------------------------------------------------------
---------------------------------------------------------------------------------
Start Rebuilding User Hierarchy
---------------------------------------------------------------------------------
---------------------------------------------------------------------------------
Finished Rebuilding User Hierarchy : Time (s): cpu = 00:00:27 ; elapsed = 00:00:28 . Memory (MB): peak = 1720.445 ; gain = 452.594
---------------------------------------------------------------------------------
---------------------------------------------------------------------------------
Start Renaming Generated Ports
---------------------------------------------------------------------------------
---------------------------------------------------------------------------------
Finished Renaming Generated Ports : Time (s): cpu = 00:00:27 ; elapsed = 00:00:28 . Memory (MB): peak = 1720.445 ; gain = 452.594
---------------------------------------------------------------------------------
---------------------------------------------------------------------------------
Start Handling Custom Attributes
---------------------------------------------------------------------------------
---------------------------------------------------------------------------------
Finished Handling Custom Attributes : Time (s): cpu = 00:00:27 ; elapsed = 00:00:28 . Memory (MB): peak = 1720.445 ; gain = 452.594
---------------------------------------------------------------------------------
---------------------------------------------------------------------------------
Start Renaming Generated Nets
---------------------------------------------------------------------------------
---------------------------------------------------------------------------------
Finished Renaming Generated Nets : Time (s): cpu = 00:00:27 ; elapsed = 00:00:28 . Memory (MB): peak = 1720.445 ; gain = 452.594
---------------------------------------------------------------------------------
---------------------------------------------------------------------------------
Start Writing Synthesis Report
---------------------------------------------------------------------------------

Report BlackBoxes: 
+-+--------------+----------+
| |BlackBox name |Instances |
+-+--------------+----------+
+-+--------------+----------+

Report Cell Usage: 
+-+-----+------+
| |Cell |Count |
+-+-----+------+
+-+-----+------+
---------------------------------------------------------------------------------
Finished Writing Synthesis Report : Time (s): cpu = 00:00:27 ; elapsed = 00:00:28 . Memory (MB): peak = 1720.445 ; gain = 452.594
---------------------------------------------------------------------------------
Synthesis finished with 0 errors, 0 critical warnings and 8 warnings.
Synthesis Optimization Runtime : Time (s): cpu = 00:00:27 ; elapsed = 00:00:28 . Memory (MB): peak = 1720.445 ; gain = 452.594
Synthesis Optimization Complete : Time (s): cpu = 00:00:27 ; elapsed = 00:00:28 . Memory (MB): peak = 1720.445 ; gain = 452.594
INFO: [Project 1-571] Translating synthesized netlist
Netlist sorting complete. Time (s): cpu = 00:00:00 ; elapsed = 00:00:00 . Memory (MB): peak = 1720.445 ; gain = 0.000
INFO: [Constraints 18-6358] GCLK_DESKEW_DEFAULT not specified in Clock Expansion Window constraints config file for device xcve2002.  GCLK Deskew mode will be Off and cannot be enabled via GCLK_DESKEW override.
INFO: [Constraints 18-5720] The default GCLK Deskew mode is Off.
INFO: [Device 21-9335] Optimized delay calculation is enabled for this device.
INFO: [Constraints 18-13227] Created floorplan with Advanced Flow Feature Set
INFO: [Project 1-570] Preparing netlist for logic optimization
INFO: [Opt 31-138] Pushed 0 inverter(s) to 0 load pin(s).
Netlist sorting complete. Time (s): cpu = 00:00:00 ; elapsed = 00:00:00.001 . Memory (MB): peak = 1849.117 ; gain = 0.000
INFO: [Project 1-111] Unisim Transformation Summary:
No Unisim elements were transformed.

Synth Design complete | Checksum: 8a44a68e
INFO: [Common 17-83] Releasing license: Synthesis
23 Infos, 8 Warnings, 0 Critical Warnings and 0 Errors encountered.
synth_design completed successfully
synth_design: Time (s): cpu = 00:00:48 ; elapsed = 00:00:53 . Memory (MB): peak = 1849.117 ; gain = 1275.465
INFO: [Common 17-1381] The checkpoint 'D:/Users/Dell/UART _controller/UART _controller.runs/synth_1/uart_tb.dcp' has been generated.
INFO: [Vivado 12-24828] Executing command : report_utilization -file uart_tb_utilization_synth.rpt -pb uart_tb_utilization_synth.pb
INFO: [Common 17-206] Exiting Vivado at Wed Jun 10 21:21:21 2026...
