Copyright 1986-2022 Xilinx, Inc. All Rights Reserved. Copyright 2022-2025 Advanced Micro Devices, Inc. All Rights Reserved.
--------------------------------------------------------------------------------------------------------------------------------------------------
| Tool Version      : Vivado v.2025.2 (win64) Build 6299465 Fri Nov 14 19:35:11 GMT 2025
| Date              : Wed Jun 10 21:23:21 2026
| Host              : DESKTOP-7FN73CL running 64-bit major release  (build 9200)
| Command           : report_clock_utilization -file route_report_clock_utilization_0.rpt
| Design            : uart_tb
| Device            : xcve2002-sbva484
| Speed File        : -1LHP  PRODUCTION 2.04 2025-08-06
| Temperature Grade : I
| Design State      : Routed
| GCLK Deskew       : Off
--------------------------------------------------------------------------------------------------------------------------------------------------

Clock Utilization Report

Table of Contents
-----------------
1. Clock Primitive Utilization
2. Global Clock Resources
3. Global Clock Source Details
4. Clock Regions : Clock Primitives
5. Clock Regions : Load Primitives
6. Clock Regions : Global Clock Summary
7. Clock Regions : Routing Resource Utilization

1. Clock Primitive Utilization
------------------------------

+-----------------+------+-----------+-----+--------------+--------+
| Type            | Used | Available | LOC | Clock Region | Pblock |
+-----------------+------+-----------+-----+--------------+--------+
| (M)BUFGCE       |    0 |        96 |   0 |            0 |      0 |
| (M)BUFGCE_DIV   |    0 |         8 |   0 |            0 |      0 |
| (M)BUFGCTRL     |    0 |        16 |   0 |            0 |      0 |
| BUFG_FABRIC     |    0 |        24 |   0 |            0 |      0 |
| (M)BUFG_PS      |    0 |        12 |   0 |            0 |      0 |
| DPLL            |    0 |         4 |   0 |            0 |      0 |
|   DPLL (BUFGCE) |    0 |         4 |   0 |            0 |      0 |
| MMCM            |    0 |         4 |   0 |            0 |      0 |
| XPLL            |    0 |         8 |   0 |            0 |      0 |
+-----------------+------+-----------+-----+--------------+--------+


2. Global Clock Resources
-------------------------

+-----------+-----------+-----------------+------------+------+--------------+------+-------------+------------------------+-------------------+------------------+-------------------+-------------+-----------------+--------------+-------+------------+-----+
| Global Id | Source Id | Driver Type/Pin | Constraint | Site | Clock Region | Root | GCLK Deskew | CLOCK EXPANSION WINDOW | Clock Delay Group | Clock Low Fanout | Load Clock Region | Clock Loads | Non-Clock Loads | Clock Period | Clock | Driver Pin | Net |
+-----------+-----------+-----------------+------------+------+--------------+------+-------------+------------------------+-------------------+------------------+-------------------+-------------+-----------------+--------------+-------+------------+-----+
* Clock Loads column represents cell count of net connects that connect to a clock pin. Internal cell leaf pins are not considered
** Non-Clock Loads column represents cell count of non-clock pin loads
*** In GCLK Deskew column, symbol '*' indicates non-default GCLK Deskew value using GCLK_DESKEW property on net


3. Global Clock Source Details
------------------------------

+-----------+-----------+-----------------+------------+------+--------------+-------------+-----------------+---------------------+--------------+------------+-----+
| Source Id | Global Id | Driver Type/Pin | Constraint | Site | Clock Region | Clock Loads | Non-Clock Loads | Source Clock Period | Source Clock | Driver Pin | Net |
+-----------+-----------+-----------------+------------+------+--------------+-------------+-----------------+---------------------+--------------+------------+-----+
* Clock Loads column represents cell count of net connects that connect to a clock pin. Internal cell leaf pins are not considered
** Non-Clock Loads column represents cell count of non-clock pin loads


4. Clock Regions : Clock Primitives
-----------------------------------

+-------------------+---------------+---------------+---------------+---------------+---------------+---------------+---------------+---------------+---------------+---------------+
|                   |  Global Clock |   (M)BUFGCE   | (M)BUFGCE_DIV |  (M)BUFGCTRL  |   (M)BUFG_GT  |   (M)BUFG_PS  |      MMCM     | DPLL (non-GT) |   DPLL (GT)   |      XPLL     |
+-------------------+-------+-------+-------+-------+-------+-------+-------+-------+-------+-------+-------+-------+-------+-------+-------+-------+-------+-------+-------+-------+
| Clock Region Name | Used  | Avail | Used  | Avail | Used  | Avail | Used  | Avail | Used  | Avail | Used  | Avail | Used  | Avail | Used  | Avail | Used  | Avail | Used  | Avail |
+-------------------+-------+-------+-------+-------+-------+-------+-------+-------+-------+-------+-------+-------+-------+-------+-------+-------+-------+-------+-------+-------+
| X0Y0              |     0 |    24 |     0 |    24 |     0 |     4 |     0 |     8 |     0 |     0 |     0 |     0 |     0 |     1 |     0 |     1 |     0 |     1 |     0 |     2 |
| X1Y0              |     0 |    24 |     0 |    24 |     0 |     4 |     0 |     8 |     0 |     0 |     0 |     0 |     0 |     1 |     0 |     1 |     0 |     1 |     0 |     2 |
| X2Y0              |     0 |    24 |     0 |    24 |     0 |     4 |     0 |     8 |     0 |     0 |     0 |     0 |     0 |     1 |     0 |     1 |     0 |     1 |     0 |     2 |
| X3Y0              |     0 |    24 |     0 |    24 |     0 |     4 |     0 |     8 |     0 |     0 |     0 |     0 |     0 |     1 |     0 |     1 |     0 |     1 |     0 |     2 |
| X0Y1              |     0 |    24 |     0 |     0 |     0 |     0 |     0 |     0 |     0 |     0 |     0 |    12 |     0 |     0 |     0 |     0 |     0 |     0 |     0 |     0 |
| X1Y1              |     0 |    24 |     0 |     0 |     0 |     0 |     0 |     0 |     0 |     0 |     0 |     0 |     0 |     0 |     0 |     0 |     0 |     0 |     0 |     0 |
| X0Y2              |     0 |    24 |     0 |     0 |     0 |     0 |     0 |     0 |     0 |     0 |     0 |     0 |     0 |     0 |     0 |     0 |     0 |     0 |     0 |     0 |
| X1Y2              |     0 |    24 |     0 |     0 |     0 |     0 |     0 |     0 |     0 |     0 |     0 |     0 |     0 |     0 |     0 |     0 |     0 |     0 |     0 |     0 |
+-------------------+-------+-------+-------+-------+-------+-------+-------+-------+-------+-------+-------+-------+-------+-------+-------+-------+-------+-------+-------+-------+
* Global Clock column represents track count; while other columns represents cell counts


5. Clock Regions : Load Primitives
----------------------------------

+-------------------+------------------+------------------+------------------+------------------+------------------+------------------+------------------+------------------+------------------+
|                   |   Global Clock   |        FF        |      LUTRAM      |  Block RAM (18K) |       URAM       |        DSP       |        GT        |      HARD IP     |        NOC       |
+-------------------+--------+---------+--------+---------+--------+---------+--------+---------+--------+---------+--------+---------+--------+---------+--------+---------+--------+---------+
| Clock Region Name | Used   | Avail   | Used   | Avail   | Used   | Avail   | Used   | Avail   | Used   | Avail   | Used   | Avail   | Used   | Avail   | Used   | Avail   | Used   | Avail   |
+-------------------+--------+---------+--------+---------+--------+---------+--------+---------+--------+---------+--------+---------+--------+---------+--------+---------+--------+---------+
| X0Y0              |      0 |      24 |      0 |       0 |      0 |       0 |      0 |       0 |      0 |       0 |      0 |       0 |      0 |       0 |      0 |       1 |      0 |       0 |
| X1Y0              |      0 |      24 |      0 |       0 |      0 |       0 |      0 |       0 |      0 |       0 |      0 |       0 |      0 |       0 |      0 |       0 |      0 |       0 |
| X2Y0              |      0 |      24 |      0 |       0 |      0 |       0 |      0 |       0 |      0 |       0 |      0 |       0 |      0 |       0 |      0 |       0 |      0 |       0 |
| X3Y0              |      0 |      24 |      0 |       0 |      0 |       0 |      0 |       0 |      0 |       0 |      0 |       0 |      0 |       0 |      0 |       0 |      0 |       0 |
| X0Y1              |      0 |      24 |      0 |   28160 |      0 |    7040 |      0 |      48 |      0 |      24 |      0 |       0 |      0 |       0 |      0 |       0 |      0 |       4 |
| X1Y1              |      0 |      24 |      0 |   45056 |      0 |   11264 |      0 |      46 |      0 |      23 |      0 |     264 |      0 |       0 |      0 |       0 |      0 |       0 |
| X0Y2              |      0 |      24 |      0 |       0 |      0 |       0 |      0 |       0 |      0 |       0 |      0 |       0 |      0 |       0 |      0 |       1 |      0 |       0 |
| X1Y2              |      0 |      24 |      0 |       0 |      0 |       0 |      0 |       0 |      0 |       0 |      0 |       0 |      0 |       0 |      0 |       0 |      0 |       0 |
+-------------------+--------+---------+--------+---------+--------+---------+--------+---------+--------+---------+--------+---------+--------+---------+--------+---------+--------+---------+
* Global Clock column represents track count; while other columns represents cell counts


6. Clock Regions : Global Clock Summary
---------------------------------------

All Modules
+----+----+----+----+----+
|    | X0 | X1 | X2 | X3 |
+----+----+----+----+----+
| Y2 |  0 |  0 |  0 |  0 |
| Y1 |  0 |  0 |  0 |  0 |
| Y0 |  0 |  0 |  0 |  0 |
+----+----+----+----+----+


7. Clock Regions : Routing Resource Utilization
-----------------------------------------------

All Modules
+-------------------+----------------------+----------------------+----------------------+----------------------+
|                   |        HROUTES       |        HDISTRS       |        VROUTES       |        VDISTRS       |
+-------------------+------+-------+-------+------+-------+-------+------+-------+-------+------+-------+-------+
| Clock Region Name | Used | Avail | Util% | Used | Avail | Util% | Used | Avail | Util% | Used | Avail | Util% |
+-------------------+------+-------+-------+------+-------+-------+------+-------+-------+------+-------+-------+
| X0Y0              |    0 |    24 |  0.00 |    0 |    24 |  0.00 |    0 |     0 |  0.00 |    0 |     0 |  0.00 |
| X1Y0              |    0 |    24 |  0.00 |    0 |    24 |  0.00 |    0 |     0 |  0.00 |    0 |     0 |  0.00 |
| X2Y0              |    0 |    24 |  0.00 |    0 |    24 |  0.00 |    0 |     0 |  0.00 |    0 |     0 |  0.00 |
| X3Y0              |    0 |    24 |  0.00 |    0 |    24 |  0.00 |    0 |     0 |  0.00 |    0 |     0 |  0.00 |
| X0Y1              |    0 |     0 |  0.00 |    0 |    24 |  0.00 |    0 |    24 |  0.00 |    0 |    24 |  0.00 |
| X1Y1              |    0 |    12 |  0.00 |    0 |    24 |  0.00 |    0 |     0 |  0.00 |    0 |     0 |  0.00 |
| X0Y2              |    0 |     0 |  0.00 |    0 |    24 |  0.00 |    0 |     0 |  0.00 |    0 |     0 |  0.00 |
| X1Y2              |    0 |     0 |  0.00 |    0 |    24 |  0.00 |    0 |     0 |  0.00 |    0 |     0 |  0.00 |
+-------------------+------+-------+-------+------+-------+-------+------+-------+-------+------+-------+-------+


