Copyright 1986-2022 Xilinx, Inc. All Rights Reserved. Copyright 2022-2025 Advanced Micro Devices, Inc. All Rights Reserved.
-------------------------------------------------------------------------------------------------------------------------------------------------
| Tool Version     : Vivado v.2025.2 (win64) Build 6299465 Fri Nov 14 19:35:11 GMT 2025
| Date             : Wed Jun 10 21:23:21 2026
| Host             : DESKTOP-7FN73CL running 64-bit major release  (build 9200)
| Command          : report_power -file route_report_power_0.rpt -pb route_report_power_summary_0.pb -rpx route_report_power_0.rpx
| Design           : uart_tb
| Device           : xcve2002-sbva484-1LHP-i-L
| Design State     : routed
| Grade            : industrial
| Process          : typical
| Characterization : Production
-------------------------------------------------------------------------------------------------------------------------------------------------

Power Report

Table of Contents
-----------------
1. Summary
1.1 On-Chip Components
1.2 Power Supply Summary
1.3 Confidence Level
2. Settings
2.1 Environment
2.2 Clock Constraints
3. Detailed Reports
3.1 By Hierarchy

1. Summary
----------

+--------------------------+--------------+
| Total On-Chip Power (W)  | 0.785        |
| Design Power Budget (W)  | Unspecified* |
| Power Budget Margin (W)  | NA           |
| Dynamic (W)              | 0.000        |
| Device Static (W)        | 0.785**      |
| Effective TJA (C/W)      | 95.5         |
| Max Ambient (C)          | 25.0         |
| Junction Temperature (C) | 100.0**      |
| Confidence Level         | High         |
| Setting File             | ---          |
| Simulation Activity File | ---          |
| Design Nets Matched      | NA           |
+--------------------------+--------------+
* Specify Design Power Budget using, set_operating_conditions -design_power_budget <value in Watts>
** No environmental constraints detected, worst case junction temperature (Tj) will be used, this will not impact the dynamic power estimate but will impact the static power shown.
To more accurately reflect the environmental and thermal operating condition of the application the following constraints should be applied, to reflect the applications specifications:
   set_operating_conditions -ambient_temp 25
   set_operating_conditions -thetaja 1.0

Where Ambient Temperature is defined as degrees Celsius and Theta Ja is the effectiveness of the thermal solution described as C/W to represent the rise in junction temperature for every watt dissipated
To set the junction temperature to a specific value the following constraint should be used:
   set_operating_conditions -junction_temp 25

For the Versal architecture, a default junction temperature of 100C is assumed when no environmental conditions are set (Ta/Tj/TJA).


1.1 On-Chip Components
----------------------

+--------------+-----------+------+-----------+-----------------+
| On-Chip      | Power (W) | Used | Available | Utilization (%) |
+--------------+-----------+------+-----------+-----------------+
| Static Power |     0.785 |      |           |                 |
| Total        |     0.785 |      |           |                 |
+--------------+-----------+------+-----------+-----------------+


1.2 Power Supply Summary
------------------------

+--------------+-------------+-----------+-------------+------------+-------------+-------------+------------+
| Source       | Voltage (V) | Total (A) | Dynamic (A) | Static (A) | Powerup (A) | Budget (A)  | Margin (A) |
+--------------+-------------+-----------+-------------+------------+-------------+-------------+------------+
| Vccint       |       0.700 |     0.480 |       0.000 |      0.480 |       NA    | Unspecified | NA         |
| VCC_SOC      |       0.800 |     0.249 |       0.000 |      0.249 |       NA    | Unspecified | NA         |
| VCC_IO       |       0.800 |     0.067 |       0.000 |      0.067 |       NA    | Unspecified | NA         |
| VCC_RAM      |       0.800 |     0.009 |       0.000 |      0.009 |       NA    | Unspecified | NA         |
| Vccaux       |       1.500 |     0.039 |       0.000 |      0.039 |       NA    | Unspecified | NA         |
| VCCO_503     |       3.300 |     0.000 |       0.000 |      0.000 |       NA    | Unspecified | NA         |
| VCCO_500     |       3.300 |     0.000 |       0.000 |      0.000 |       NA    | Unspecified | NA         |
| VCCO_501     |       3.300 |     0.000 |       0.000 |      0.000 |       NA    | Unspecified | NA         |
| VCCO_502     |       3.300 |     0.000 |       0.000 |      0.000 |       NA    | Unspecified | NA         |
| VCC_FUSE     |       1.800 |     0.000 |       0.000 |      0.000 |       NA    | Unspecified | NA         |
| VCC_BATT     |       1.500 |     0.000 |       0.000 |      0.000 |       NA    | Unspecified | NA         |
| Vcco33       |       3.300 |     0.000 |       0.000 |      0.000 |       NA    | Unspecified | NA         |
| Vcco25       |       2.500 |     0.000 |       0.000 |      0.000 |       NA    | Unspecified | NA         |
| Vcco18       |       1.800 |     0.000 |       0.000 |      0.000 |       NA    | Unspecified | NA         |
| Vcco15       |       1.500 |     0.000 |       0.000 |      0.000 |       NA    | Unspecified | NA         |
| Vcco135      |       1.350 |     0.000 |       0.000 |      0.000 |       NA    | Unspecified | NA         |
| Vcco12       |       1.200 |     0.000 |       0.000 |      0.000 |       NA    | Unspecified | NA         |
| Vcco11       |       1.100 |     0.000 |       0.000 |      0.000 |       NA    | Unspecified | NA         |
| Vcco10       |       1.000 |     0.000 |       0.000 |      0.000 |       NA    | Unspecified | NA         |
| VCC_PMC      |       0.880 |     0.038 |       0.000 |      0.038 |       NA    | Unspecified | NA         |
| VCCAUX_PMC   |       1.500 |     0.002 |       0.000 |      0.002 |       NA    | Unspecified | NA         |
| VCCAUX_SMON  |       1.500 |     0.000 |       0.000 |      0.000 |       NA    | Unspecified | NA         |
| VCC_PSLP     |       0.880 |     0.132 |       0.000 |      0.132 |       NA    | Unspecified | NA         |
| VCC_PSFP     |       0.880 |     0.074 |       0.000 |      0.074 |       NA    | Unspecified | NA         |
| VGTY_AVCC    |       0.880 |     0.000 |       0.000 |      0.000 |       NA    | Unspecified | NA         |
| VGTY_AVTT    |       1.200 |     0.000 |       0.000 |      0.000 |       NA    | Unspecified | NA         |
| VGTY_AVCCAUX |       1.500 |     0.000 |       0.000 |      0.000 |       NA    | Unspecified | NA         |
+--------------+-------------+-----------+-------------+------------+-------------+-------------+------------+


1.3 Confidence Level
--------------------

+-----------------------------+------------+------------------------------------------------+--------+
| User Input Data             | Confidence | Details                                        | Action |
+-----------------------------+------------+------------------------------------------------+--------+
| Design implementation state | High       | Design is routed                               |        |
| Clock nodes activity        | High       | User specified more than 95% of clocks         |        |
| I/O nodes activity          | High       | User specified more than 95% of inputs         |        |
| Internal nodes activity     | High       | User specified more than 25% of internal nodes |        |
| Device models               | High       | Device models are Production                   |        |
|                             |            |                                                |        |
| Overall confidence level    | High       |                                                |        |
+-----------------------------+------------+------------------------------------------------+--------+


2. Settings
-----------

2.1 Environment
---------------

+------------------+------+
| Ambient Temp (C) | 25.0 |
| ThetaJA (C/W)    | 95.5 |
+------------------+------+


2.2 Clock Constraints
---------------------

+-------+--------+-----------------+
| Clock | Domain | Constraint (ns) |
+-------+--------+-----------------+


3. Detailed Reports
-------------------

3.1 By Hierarchy
----------------

+------+-----------+
| Name | Power (W) |
+------+-----------+


